{
  "0 debug pnpm:scope": {
    "selected": 1
  },
  "1 debug pnpm:package-manifest": {
    "initial": {
      "name": "my-new-app",
      "version": "0.0.1",
      "scripts": {
        "dev": "vite dev",
        "build": "vite build",
        "package": "svelte-kit package",
        "preview": "vite preview",
        "prepare": "svelte-kit sync",
        "check": "svelte-check --tsconfig ./tsconfig.json",
        "check:watch": "svelte-check --tsconfig ./tsconfig.json --watch",
        "lint": "prettier --check --plugin-search-dir=. . && eslint .",
        "format": "prettier --write --plugin-search-dir=. ."
      },
      "devDependencies": {
        "@sveltejs/adapter-auto": "next",
        "@sveltejs/kit": "next",
        "@types/cookie": "^0.5.1",
        "@typescript-eslint/eslint-plugin": "^5.27.0",
        "@typescript-eslint/parser": "^5.27.0",
        "eslint": "^8.16.0",
        "eslint-config-prettier": "^8.3.0",
        "eslint-plugin-svelte3": "^4.0.0",
        "prettier": "^2.6.2",
        "prettier-plugin-svelte": "^2.7.0",
        "svelte": "^3.46.0",
        "svelte-check": "^2.7.1",
        "svelte-preprocess": "^4.10.6",
        "tslib": "^2.3.1",
        "typescript": "^4.7.4",
        "vite": "^2.9.13"
      },
      "type": "module",
      "dependencies": {
        "@fontsource/fira-mono": "^4.5.0",
        "cookie": "^0.4.1"
      }
    },
    "prefix": "/Users/rob/SITES/my-new-app"
  },
  "2 debug pnpm:context": {
    "currentLockfileExists": false,
    "storeDir": "/Users/rob/.pnpm-store/v3",
    "virtualStoreDir": "/Users/rob/SITES/my-new-app/node_modules/.pnpm"
  },
  "3 debug pnpm:stage": {
    "prefix": "/Users/rob/SITES/my-new-app",
    "stage": "resolution_started"
  },
  "4 debug pnpm:_dependency_resolved": {
    "resolution": "registry.npmjs.org/@types/cookie/0.5.1",
    "wanted": {
      "dependentId": ".",
      "name": "@types/cookie",
      "rawSpec": "^0.5.1"
    }
  },
  "5 debug pnpm:progress": {
    "packageId": "registry.npmjs.org/@types/cookie/0.5.1",
    "requester": "/Users/rob/SITES/my-new-app",
    "status": "resolved"
  },
  "6 debug pnpm:_dependency_resolved": {
    "resolution": "registry.npmjs.org/eslint-config-prettier/8.5.0",
    "wanted": {
      "dependentId": ".",
      "name": "eslint-config-prettier",
      "rawSpec": "^8.3.0"
    }
  },
  "7 debug pnpm:progress": {
    "packageId": "registry.npmjs.org/eslint-config-prettier/8.5.0",
    "requester": "/Users/rob/SITES/my-new-app",
    "status": "resolved"
  },
  "8 debug pnpm:progress": {
    "packageId": "registry.npmjs.org/eslint-config-prettier/8.5.0",
    "requester": "/Users/rob/SITES/my-new-app",
    "status": "found_in_store"
  },
  "9 debug pnpm:progress": {
    "packageId": "registry.npmjs.org/@types/cookie/0.5.1",
    "requester": "/Users/rob/SITES/my-new-app",
    "status": "found_in_store"
  },
  "10 debug pnpm:_dependency_resolved": {
    "resolution": "registry.npmjs.org/cookie/0.4.2",
    "wanted": {
      "dependentId": ".",
      "name": "cookie",
      "rawSpec": "^0.4.1"
    }
  },
  "11 debug pnpm:progress": {
    "packageId": "registry.npmjs.org/cookie/0.4.2",
    "requester": "/Users/rob/SITES/my-new-app",
    "status": "resolved"
  },
  "12 debug pnpm:progress": {
    "packageId": "registry.npmjs.org/cookie/0.4.2",
    "requester": "/Users/rob/SITES/my-new-app",
    "status": "found_in_store"
  },
  "13 debug pnpm:_dependency_resolved": {
    "resolution": "registry.npmjs.org/prettier/2.7.1",
    "wanted": {
      "dependentId": ".",
      "name": "prettier",
      "rawSpec": "^2.6.2"
    }
  },
  "14 debug pnpm:progress": {
    "packageId": "registry.npmjs.org/prettier/2.7.1",
    "requester": "/Users/rob/SITES/my-new-app",
    "status": "resolved"
  },
  "15 debug pnpm:fetching-progress": {
    "attempt": 1,
    "packageId": "registry.npmjs.org/prettier/2.7.1",
    "size": 3977924,
    "status": "started"
  },
  "16 debug pnpm:_dependency_resolved": {
    "resolution": "registry.npmjs.org/eslint/8.19.0",
    "wanted": {
      "dependentId": ".",
      "name": "eslint",
      "rawSpec": "^8.16.0"
    }
  },
  "17 debug pnpm:progress": {
    "packageId": "registry.npmjs.org/eslint/8.19.0",
    "requester": "/Users/rob/SITES/my-new-app",
    "status": "resolved"
  },
  "18 debug pnpm:progress": {
    "packageId": "registry.npmjs.org/eslint/8.19.0",
    "requester": "/Users/rob/SITES/my-new-app",
    "status": "found_in_store"
  },
  "19 debug pnpm:_dependency_resolved": {
    "resolution": "registry.npmjs.org/@fontsource/fira-mono/4.5.8",
    "wanted": {
      "dependentId": ".",
      "name": "@fontsource/fira-mono",
      "rawSpec": "^4.5.0"
    }
  },
  "20 debug pnpm:progress": {
    "packageId": "registry.npmjs.org/@fontsource/fira-mono/4.5.8",
    "requester": "/Users/rob/SITES/my-new-app",
    "status": "resolved"
  },
  "21 debug pnpm:_dependency_resolved": {
    "resolution": "registry.npmjs.org/eslint-plugin-svelte3/4.0.0",
    "wanted": {
      "dependentId": ".",
      "name": "eslint-plugin-svelte3",
      "rawSpec": "^4.0.0"
    }
  },
  "22 debug pnpm:progress": {
    "packageId": "registry.npmjs.org/eslint-plugin-svelte3/4.0.0",
    "requester": "/Users/rob/SITES/my-new-app",
    "status": "resolved"
  },
  "23 debug pnpm:progress": {
    "packageId": "registry.npmjs.org/eslint-plugin-svelte3/4.0.0",
    "requester": "/Users/rob/SITES/my-new-app",
    "status": "found_in_store"
  },
  "24 debug pnpm:_dependency_resolved": {
    "resolution": "registry.npmjs.org/prettier-plugin-svelte/2.7.0",
    "wanted": {
      "dependentId": ".",
      "name": "prettier-plugin-svelte",
      "rawSpec": "^2.7.0"
    }
  },
  "25 debug pnpm:progress": {
    "packageId": "registry.npmjs.org/prettier-plugin-svelte/2.7.0",
    "requester": "/Users/rob/SITES/my-new-app",
    "status": "resolved"
  },
  "26 debug pnpm:_dependency_resolved": {
    "resolution": "registry.npmjs.org/@sveltejs/adapter-auto/1.0.0-next.57",
    "wanted": {
      "dependentId": ".",
      "name": "@sveltejs/adapter-auto",
      "rawSpec": "next"
    }
  },
  "27 debug pnpm:progress": {
    "packageId": "registry.npmjs.org/@sveltejs/adapter-auto/1.0.0-next.57",
    "requester": "/Users/rob/SITES/my-new-app",
    "status": "resolved"
  },
  "28 debug pnpm:progress": {
    "packageId": "registry.npmjs.org/prettier-plugin-svelte/2.7.0",
    "requester": "/Users/rob/SITES/my-new-app",
    "status": "found_in_store"
  },
  "29 debug pnpm:progress": {
    "packageId": "registry.npmjs.org/@sveltejs/adapter-auto/1.0.0-next.57",
    "requester": "/Users/rob/SITES/my-new-app",
    "status": "found_in_store"
  },
  "30 debug pnpm:fetching-progress": {
    "attempt": 1,
    "packageId": "registry.npmjs.org/@fontsource/fira-mono/4.5.8",
    "size": 958573,
    "status": "started"
  },
  "31 debug pnpm:_dependency_resolved": {
    "resolution": "registry.npmjs.org/@typescript-eslint/eslint-plugin/5.30.6",
    "wanted": {
      "dependentId": ".",
      "name": "@typescript-eslint/eslint-plugin",
      "rawSpec": "^5.27.0"
    }
  },
  "32 debug pnpm:progress": {
    "packageId": "registry.npmjs.org/@typescript-eslint/eslint-plugin/5.30.6",
    "requester": "/Users/rob/SITES/my-new-app",
    "status": "resolved"
  },
  "33 debug pnpm:_dependency_resolved": {
    "resolution": "registry.npmjs.org/svelte-preprocess/4.10.7",
    "wanted": {
      "dependentId": ".",
      "name": "svelte-preprocess",
      "rawSpec": "^4.10.6"
    }
  },
  "34 debug pnpm:progress": {
    "packageId": "registry.npmjs.org/svelte-preprocess/4.10.7",
    "requester": "/Users/rob/SITES/my-new-app",
    "status": "resolved"
  },
  "35 debug pnpm:fetching-progress": {
    "attempt": 1,
    "packageId": "registry.npmjs.org/@typescript-eslint/eslint-plugin/5.30.6",
    "size": 419345,
    "status": "started"
  },
  "36 debug pnpm:_dependency_resolved": {
    "resolution": "registry.npmjs.org/svelte-check/2.8.0",
    "wanted": {
      "dependentId": ".",
      "name": "svelte-check",
      "rawSpec": "^2.7.1"
    }
  },
  "37 debug pnpm:progress": {
    "packageId": "registry.npmjs.org/svelte-check/2.8.0",
    "requester": "/Users/rob/SITES/my-new-app",
    "status": "resolved"
  },
  "38 debug pnpm:fetching-progress": {
    "attempt": 1,
    "packageId": "registry.npmjs.org/svelte-check/2.8.0",
    "size": 688310,
    "status": "started"
  },
  "39 debug pnpm:progress": {
    "packageId": "registry.npmjs.org/@fontsource/fira-mono/4.5.8",
    "requester": "/Users/rob/SITES/my-new-app",
    "status": "fetched"
  },
  "40 debug pnpm:_dependency_resolved": {
    "resolution": "registry.npmjs.org/svelte/3.49.0",
    "wanted": {
      "dependentId": ".",
      "name": "svelte",
      "rawSpec": "^3.46.0"
    }
  },
  "41 debug pnpm:progress": {
    "packageId": "registry.npmjs.org/svelte/3.49.0",
    "requester": "/Users/rob/SITES/my-new-app",
    "status": "resolved"
  },
  "42 debug pnpm:_dependency_resolved": {
    "resolution": "registry.npmjs.org/tslib/2.4.0",
    "wanted": {
      "dependentId": ".",
      "name": "tslib",
      "rawSpec": "^2.3.1"
    }
  },
  "43 debug pnpm:progress": {
    "packageId": "registry.npmjs.org/tslib/2.4.0",
    "requester": "/Users/rob/SITES/my-new-app",
    "status": "resolved"
  },
  "44 debug pnpm:progress": {
    "packageId": "registry.npmjs.org/svelte/3.49.0",
    "requester": "/Users/rob/SITES/my-new-app",
    "status": "found_in_store"
  },
  "45 debug pnpm:progress": {
    "packageId": "registry.npmjs.org/@typescript-eslint/eslint-plugin/5.30.6",
    "requester": "/Users/rob/SITES/my-new-app",
    "status": "fetched"
  },
  "46 debug pnpm:progress": {
    "packageId": "registry.npmjs.org/tslib/2.4.0",
    "requester": "/Users/rob/SITES/my-new-app",
    "status": "found_in_store"
  },
  "47 debug pnpm:progress": {
    "packageId": "registry.npmjs.org/prettier/2.7.1",
    "requester": "/Users/rob/SITES/my-new-app",
    "status": "fetched"
  },
  "48 debug pnpm:progress": {
    "packageId": "registry.npmjs.org/svelte-check/2.8.0",
    "requester": "/Users/rob/SITES/my-new-app",
    "status": "fetched"
  },
  "49 debug pnpm:fetching-progress": {
    "attempt": 1,
    "packageId": "registry.npmjs.org/svelte-preprocess/4.10.7",
    "size": 22985,
    "status": "started"
  },
  "50 debug pnpm:progress": {
    "packageId": "registry.npmjs.org/svelte-preprocess/4.10.7",
    "requester": "/Users/rob/SITES/my-new-app",
    "status": "fetched"
  },
  "51 warn pnpm:install-check": {
    "message": "Unsupported engine for registry.npmjs.org/@sveltejs/kit/1.0.0-next.370: wanted: {\"node\":\">=16.9\"} (current: {\"node\":\"v14.19.1\",\"pnpm\":\"6.32.11\"})",
    "prefix": "/Users/rob/SITES/my-new-app"
  },
  "52 error pnpm": {
    "code": "ERR_PNPM_UNSUPPORTED_ENGINE",
    "packageId": "registry.npmjs.org/@sveltejs/kit/1.0.0-next.370",
    "wanted": {
      "node": ">=16.9"
    },
    "current": {
      "node": "v14.19.1",
      "pnpm": "6.32.11"
    },
    "pkgsStack": [],
    "err": {
      "name": "pnpm",
      "message": "Unsupported engine for registry.npmjs.org/@sveltejs/kit/1.0.0-next.370: wanted: {\"node\":\">=16.9\"} (current: {\"node\":\"v14.19.1\",\"pnpm\":\"6.32.11\"})",
      "code": "ERR_PNPM_UNSUPPORTED_ENGINE",
      "stack": "pnpm: Unsupported engine for registry.npmjs.org/@sveltejs/kit/1.0.0-next.370: wanted: {\"node\":\">=16.9\"} (current: {\"node\":\"v14.19.1\",\"pnpm\":\"6.32.11\"})\n    at checkEngine (/usr/local/Cellar/pnpm/6.32.11/libexec/lib/node_modules/pnpm/dist/pnpm.cjs:41384:16)\n    at checkPackage (/usr/local/Cellar/pnpm/6.32.11/libexec/lib/node_modules/pnpm/dist/pnpm.cjs:43480:104)\n    at packageIsInstallable (/usr/local/Cellar/pnpm/6.32.11/libexec/lib/node_modules/pnpm/dist/pnpm.cjs:43450:20)\n    at resolveAndFetch (/usr/local/Cellar/pnpm/6.32.11/libexec/lib/node_modules/pnpm/dist/pnpm.cjs:74613:117)\n    at runMicrotasks (<anonymous>)\n    at processTicksAndRejections (internal/process/task_queues.js:95:5)\n    at async resolveDependency (/usr/local/Cellar/pnpm/6.32.11/libexec/lib/node_modules/pnpm/dist/pnpm.cjs:116153:23)\n    at async resolveDependenciesOfDependency (/usr/local/Cellar/pnpm/6.32.11/libexec/lib/node_modules/pnpm/dist/pnpm.cjs:115988:39)\n    at async Promise.all (index 1)\n    at async resolveDependencies (/usr/local/Cellar/pnpm/6.32.11/libexec/lib/node_modules/pnpm/dist/pnpm.cjs:115955:29)"
    }
  }
}